Mplus VERSION 8.1
MUTHEN & MUTHEN
02/06/2020   2:28 PM

INPUT INSTRUCTIONS

  TITLE:
  	Enter Title Here;

  DATA:
   	FILE IS outputData.csv;

  VARIABLE:
  !NOTE: LOOK FOR BAD CHARACTERS IN THE FIRST VARIABLE.
  	NAMES ARE ID,age,gender,highedu,Verbalm0,BMI0M,ACI1_RC,ACI1IMP,ACI1,
  ACI2,ACI3,ACI4,ACI5,ACI6,ACIc_RC,ACIc_IMP;

  	MISSING ARE ALL (-999);

  	!INCLUDE USED VARIABLES HERE
  	USEVAR ARE ACI1IMP
                  ACI2
                  ACI3
                  ACI4
                  ACI5
                  ACI6;

  MODEL:

      ACI BY  ACI1IMP
                  ACI2
                  ACI3
                  ACI4
                  ACI5
                  ACI6;


  ANALYSIS:
  	ESTIMATOR=MLR;

  OUTPUT:
  	sampstat standardized modindices;



*** WARNING
  Data set contains cases with missing on all variables.
  These cases were not included in the analysis.
  Number of cases with missing on all variables:  17
   1 WARNING(S) FOUND IN THE INPUT INSTRUCTIONS




Enter Title Here;

SUMMARY OF ANALYSIS

Number of groups                                                 1
Number of observations                                         116

Number of dependent variables                                    6
Number of independent variables                                  0
Number of continuous latent variables                            1

Observed dependent variables

  Continuous
   ACI1IMP     ACI2        ACI3        ACI4        ACI5        ACI6

Continuous latent variables
   ACI


Estimator                                                      MLR
Information matrix                                        OBSERVED
Maximum number of iterations                                  1000
Convergence criterion                                    0.500D-04
Maximum number of steepest descent iterations                   20
Maximum number of iterations for H1                           2000
Convergence criterion for H1                             0.100D-03

Input data file(s)
  outputData.csv

Input data format  FREE


SUMMARY OF DATA

     Number of missing data patterns             1


COVARIANCE COVERAGE OF DATA

Minimum covariance coverage value   0.100


     PROPORTION OF DATA PRESENT


           Covariance Coverage
              ACI1IMP       ACI2          ACI3          ACI4          ACI5
              ________      ________      ________      ________      ________
 ACI1IMP        1.000
 ACI2           1.000         1.000
 ACI3           1.000         1.000         1.000
 ACI4           1.000         1.000         1.000         1.000
 ACI5           1.000         1.000         1.000         1.000         1.000
 ACI6           1.000         1.000         1.000         1.000         1.000


           Covariance Coverage
              ACI6
              ________
 ACI6           1.000


SAMPLE STATISTICS


     ESTIMATED SAMPLE STATISTICS


           Means
              ACI1IMP       ACI2          ACI3          ACI4          ACI5
              ________      ________      ________      ________      ________
                4.063         2.500         3.595         2.543         2.888


           Means
              ACI6
              ________
                2.560


           Covariances
              ACI1IMP       ACI2          ACI3          ACI4          ACI5
              ________      ________      ________      ________      ________
 ACI1IMP        1.266
 ACI2           0.392         1.457
 ACI3           0.638         0.737         1.603
 ACI4           0.440         0.668         0.763         1.783
 ACI5           0.326         0.392         0.687         0.414         1.324
 ACI6           0.480         0.547         0.606         0.515         0.640


           Covariances
              ACI6
              ________
 ACI6           1.746


           Correlations
              ACI1IMP       ACI2          ACI3          ACI4          ACI5
              ________      ________      ________      ________      ________
 ACI1IMP        1.000
 ACI2           0.289         1.000
 ACI3           0.448         0.482         1.000
 ACI4           0.293         0.415         0.451         1.000
 ACI5           0.252         0.282         0.472         0.270         1.000
 ACI6           0.323         0.343         0.362         0.292         0.421


           Correlations
              ACI6
              ________
 ACI6           1.000


     MAXIMUM LOG-LIKELIHOOD VALUE FOR THE UNRESTRICTED (H1) MODEL IS -1052.834


UNIVARIATE SAMPLE STATISTICS


     UNIVARIATE HIGHER-ORDER MOMENT DESCRIPTIVE STATISTICS

         Variable/         Mean/     Skewness/   Minimum/ % with                Percentiles
        Sample Size      Variance    Kurtosis    Maximum  Min/Max      20%/60%    40%/80%    Median

     ACI1IMP               4.063      -1.043       1.000    5.17%       3.000      4.000      4.215
             116.000       1.266       0.543       6.060    0.86%       5.000      5.000
     ACI2                  2.500       0.176       1.000   30.17%       1.000      2.000      3.000
             116.000       1.457      -0.964       5.000    5.17%       3.000      3.000
     ACI3                  3.595      -0.583       1.000    9.48%       3.000      3.000      4.000
             116.000       1.603      -0.624       5.000   31.03%       4.000      5.000
     ACI4                  2.543       0.353       1.000   31.90%       1.000      2.000      3.000
             116.000       1.783      -0.979       5.000   11.21%       3.000      4.000
     ACI5                  2.888      -0.120       1.000   16.38%       2.000      3.000      3.000
             116.000       1.324      -0.688       5.000    7.76%       3.000      4.000
     ACI6                  2.560       0.262       1.000   31.90%       1.000      2.000      3.000
             116.000       1.746      -1.064       5.000    9.48%       3.000      4.000


THE MODEL ESTIMATION TERMINATED NORMALLY



MODEL FIT INFORMATION

Number of Free Parameters                       18

Loglikelihood

          H0 Value                       -1058.209
          H0 Scaling Correction Factor      0.9272
            for MLR
          H1 Value                       -1052.834
          H1 Scaling Correction Factor      1.0340
            for MLR

Information Criteria

          Akaike (AIC)                    2152.417
          Bayesian (BIC)                  2201.982
          Sample-Size Adjusted BIC        2145.084
            (n* = (n + 2) / 24)

Chi-Square Test of Model Fit

          Value                              8.616*
          Degrees of Freedom                     9
          P-Value                           0.4735
          Scaling Correction Factor         1.2475
            for MLR

*   The chi-square value for MLM, MLMV, MLR, ULSMV, WLSM and WLSMV cannot be used
    for chi-square difference testing in the regular way.  MLM, MLR and WLSM
    chi-square difference testing is described on the Mplus website.  MLMV, WLSMV,
    and ULSMV difference testing is done using the DIFFTEST option.

RMSEA (Root Mean Square Error Of Approximation)

          Estimate                           0.000
          90 Percent C.I.                    0.000  0.101
          Probability RMSEA <= .05           0.678

CFI/TLI

          CFI                                1.000
          TLI                                1.005

Chi-Square Test of Model Fit for the Baseline Model

          Value                            134.355
          Degrees of Freedom                    15
          P-Value                           0.0000

SRMR (Standardized Root Mean Square Residual)

          Value                              0.036



MODEL RESULTS

                                                    Two-Tailed
                    Estimate       S.E.  Est./S.E.    P-Value

 ACI      BY
    ACI1IMP            1.000      0.000    999.000    999.000
    ACI2               1.223      0.297      4.116      0.000
    ACI3               1.664      0.327      5.094      0.000
    ACI4               1.274      0.313      4.067      0.000
    ACI5               1.086      0.307      3.534      0.000
    ACI6               1.184      0.324      3.652      0.000

 Intercepts
    ACI1IMP            4.063      0.104     38.901      0.000
    ACI2               2.500      0.112     22.308      0.000
    ACI3               3.595      0.118     30.580      0.000
    ACI4               2.543      0.124     20.515      0.000
    ACI5               2.888      0.107     27.035      0.000
    ACI6               2.560      0.123     20.867      0.000

 Variances
    ACI                0.360      0.153      2.347      0.019

 Residual Variances
    ACI1IMP            0.906      0.122      7.454      0.000
    ACI2               0.919      0.132      6.967      0.000
    ACI3               0.608      0.128      4.757      0.000
    ACI4               1.199      0.170      7.060      0.000
    ACI5               0.900      0.143      6.300      0.000
    ACI6               1.242      0.187      6.651      0.000


STANDARDIZED MODEL RESULTS


STDYX Standardization

                                                    Two-Tailed
                    Estimate       S.E.  Est./S.E.    P-Value

 ACI      BY
    ACI1IMP            0.533      0.087      6.109      0.000
    ACI2               0.607      0.072      8.434      0.000
    ACI3               0.788      0.055     14.397      0.000
    ACI4               0.572      0.072      7.963      0.000
    ACI5               0.566      0.090      6.288      0.000
    ACI6               0.537      0.090      5.962      0.000

 Intercepts
    ACI1IMP            3.612      0.336     10.764      0.000
    ACI2               2.071      0.123     16.886      0.000
    ACI3               2.839      0.216     13.125      0.000
    ACI4               1.905      0.104     18.321      0.000
    ACI5               2.510      0.170     14.731      0.000
    ACI6               1.937      0.109     17.819      0.000

 Variances
    ACI                1.000      0.000    999.000    999.000

 Residual Variances
    ACI1IMP            0.716      0.093      7.694      0.000
    ACI2               0.631      0.088      7.211      0.000
    ACI3               0.379      0.086      4.393      0.000
    ACI4               0.673      0.082      8.181      0.000
    ACI5               0.680      0.102      6.673      0.000
    ACI6               0.711      0.097      7.339      0.000


STDY Standardization

                                                    Two-Tailed
                    Estimate       S.E.  Est./S.E.    P-Value

 ACI      BY
    ACI1IMP            0.533      0.087      6.109      0.000
    ACI2               0.607      0.072      8.434      0.000
    ACI3               0.788      0.055     14.397      0.000
    ACI4               0.572      0.072      7.963      0.000
    ACI5               0.566      0.090      6.288      0.000
    ACI6               0.537      0.090      5.962      0.000

 Intercepts
    ACI1IMP            3.612      0.336     10.764      0.000
    ACI2               2.071      0.123     16.886      0.000
    ACI3               2.839      0.216     13.125      0.000
    ACI4               1.905      0.104     18.321      0.000
    ACI5               2.510      0.170     14.731      0.000
    ACI6               1.937      0.109     17.819      0.000

 Variances
    ACI                1.000      0.000    999.000    999.000

 Residual Variances
    ACI1IMP            0.716      0.093      7.694      0.000
    ACI2               0.631      0.088      7.211      0.000
    ACI3               0.379      0.086      4.393      0.000
    ACI4               0.673      0.082      8.181      0.000
    ACI5               0.680      0.102      6.673      0.000
    ACI6               0.711      0.097      7.339      0.000


STD Standardization

                                                    Two-Tailed
                    Estimate       S.E.  Est./S.E.    P-Value

 ACI      BY
    ACI1IMP            0.600      0.128      4.694      0.000
    ACI2               0.733      0.102      7.157      0.000
    ACI3               0.998      0.104      9.640      0.000
    ACI4               0.764      0.108      7.095      0.000
    ACI5               0.651      0.118      5.533      0.000
    ACI6               0.710      0.128      5.535      0.000

 Intercepts
    ACI1IMP            4.063      0.104     38.901      0.000
    ACI2               2.500      0.112     22.308      0.000
    ACI3               3.595      0.118     30.580      0.000
    ACI4               2.543      0.124     20.515      0.000
    ACI5               2.888      0.107     27.035      0.000
    ACI6               2.560      0.123     20.867      0.000

 Variances
    ACI                1.000      0.000    999.000    999.000

 Residual Variances
    ACI1IMP            0.906      0.122      7.454      0.000
    ACI2               0.919      0.132      6.967      0.000
    ACI3               0.608      0.128      4.757      0.000
    ACI4               1.199      0.170      7.060      0.000
    ACI5               0.900      0.143      6.300      0.000
    ACI6               1.242      0.187      6.651      0.000


R-SQUARE

    Observed                                        Two-Tailed
    Variable        Estimate       S.E.  Est./S.E.    P-Value

    ACI1IMP            0.284      0.093      3.054      0.002
    ACI2               0.369      0.088      4.217      0.000
    ACI3               0.621      0.086      7.199      0.000
    ACI4               0.327      0.082      3.981      0.000
    ACI5               0.320      0.102      3.144      0.002
    ACI6               0.289      0.097      2.981      0.003


QUALITY OF NUMERICAL RESULTS

     Condition Number for the Information Matrix              0.631E-02
       (ratio of smallest to largest eigenvalue)


MODEL MODIFICATION INDICES

NOTE:  Modification indices for direct effects of observed dependent variables
regressed on covariates may not be included.  To include these, request
MODINDICES (ALL).

Minimum M.I. value for printing the modification index    10.000

                                   M.I.     E.P.C.  Std E.P.C.  StdYX E.P.C.

No modification indices above the minimum value.



DIAGRAM INFORMATION

  Use View Diagram under the Diagram menu in the Mplus Editor to view the diagram.
  If running Mplus from the Mplus Diagrammer, the diagram opens automatically.

  Diagram output
    c:\users\etc_user\desktop\mplus\mplus-file-creator\placedatafileshere\mplusfile.dgm

     Beginning Time:  14:28:46
        Ending Time:  14:28:46
       Elapsed Time:  00:00:00



MUTHEN & MUTHEN
3463 Stoner Ave.
Los Angeles, CA  90066

Tel: (310) 391-9971
Fax: (310) 391-8971
Web: www.StatModel.com
Support: Support@StatModel.com

Copyright (c) 1998-2018 Muthen & Muthen
